<?xml version="1.0" encoding="UTF-8"?>
<!-- Generated by org.testng.reporters.JUnitXMLReporter -->
<testsuite ignored="0" hostname="Doruks-MacBook-Pro.local" failures="3" tests="7" name="TrendyolTestNG" time="85.695" errors="0" timestamp="2020-08-04T02:12:44 EET">
  <testcase classname="trendyol.web.test.TestCases" name="homePageControl" time="8.017"/>
  <testcase classname="trendyol.web.test.TestCases" name="successSignIn" time="33.202"/>
  <testcase classname="trendyol.web.test.TestCases" name="search" time="22.373"/>
  <testcase classname="trendyol.web.test.TestCases" name="addToBasket" time="7.54"/>
  <testcase classname="trendyol.web.test.TestCases" name="comparePrices" time="2.527">
    <failure type="org.openqa.selenium.InvalidSelectorException" message="invalid selector: Unable to locate an element with the xpath expression div.pd-app-container div.pr-cn:nth-child(2) div.pr-cn-in div.pr-in-w div.pr-in-cn div.pr-bx-w div.pr-bx-dsc div.pr-bx-pr-dsc div:nth-child(2) &amp;gt; span.prc-dsc because of the following error:
SyntaxError: Failed to execute &amp;apos;evaluate&amp;apos; on &amp;apos;Document&amp;apos;: The string &amp;apos;div.pd-app-container div.pr-cn:nth-child(2) div.pr-cn-in div.pr-in-w div.pr-in-cn div.pr-bx-w div.pr-bx-dsc div.pr-bx-pr-dsc div:nth-child(2) &amp;gt; span.prc-dsc&amp;apos; is not a valid XPath expression.
  (Session info: chrome=84.0.4147.105)
For documentation on this error, please visit: https://www.seleniumhq.org/exceptions/invalid_selector_exception.html
Build info: version: &amp;apos;3.141.59&amp;apos;, revision: &amp;apos;e82be7d358&amp;apos;, time: &amp;apos;2018-11-14T08:17:03&amp;apos;
System info: host: &amp;apos;Doruks-MacBook-Pro.local&amp;apos;, ip: &amp;apos;192.168.0.13&amp;apos;, os.name: &amp;apos;Mac OS X&amp;apos;, os.arch: &amp;apos;x86_64&amp;apos;, os.version: &amp;apos;10.14.4&amp;apos;, java.version: &amp;apos;11.0.3&amp;apos;
Driver info: org.openqa.selenium.chrome.ChromeDriver
Capabilities {acceptInsecureCerts: false, browserName: chrome, browserVersion: 84.0.4147.105, chrome: {chromedriverVersion: 83.0.4103.39 (ccbf011cb2d2b..., userDataDir: /var/folders/sz/t44_m9r545l...}, goog:chromeOptions: {debuggerAddress: localhost:54519}, javascriptEnabled: true, networkConnectionEnabled: false, pageLoadStrategy: normal, platform: MAC, platformName: MAC, proxy: Proxy(), setWindowRect: true, strictFileInteractability: false, timeouts: {implicit: 0, pageLoad: 300000, script: 30000}, unhandledPromptBehavior: dismiss and notify, webauthn:virtualAuthenticators: true}
Session ID: ab3d6e6f3e04a566fc33b5bdce748984
*** Element info: {Using=xpath, value=div.pd-app-container div.pr-cn:nth-child(2) div.pr-cn-in div.pr-in-w div.pr-in-cn div.pr-bx-w div.pr-bx-dsc div.pr-bx-pr-dsc div:nth-child(2) &amp;gt; span.prc-dsc}">
      <![CDATA[org.openqa.selenium.InvalidSelectorException: invalid selector: Unable to locate an element with the xpath expression div.pd-app-container div.pr-cn:nth-child(2) div.pr-cn-in div.pr-in-w div.pr-in-cn div.pr-bx-w div.pr-bx-dsc div.pr-bx-pr-dsc div:nth-child(2) > span.prc-dsc because of the following error:
SyntaxError: Failed to execute 'evaluate' on 'Document': The string 'div.pd-app-container div.pr-cn:nth-child(2) div.pr-cn-in div.pr-in-w div.pr-in-cn div.pr-bx-w div.pr-bx-dsc div.pr-bx-pr-dsc div:nth-child(2) > span.prc-dsc' is not a valid XPath expression.
  (Session info: chrome=84.0.4147.105)
For documentation on this error, please visit: https://www.seleniumhq.org/exceptions/invalid_selector_exception.html
Build info: version: '3.141.59', revision: 'e82be7d358', time: '2018-11-14T08:17:03'
System info: host: 'Doruks-MacBook-Pro.local', ip: '192.168.0.13', os.name: 'Mac OS X', os.arch: 'x86_64', os.version: '10.14.4', java.version: '11.0.3'
Driver info: org.openqa.selenium.chrome.ChromeDriver
Capabilities {acceptInsecureCerts: false, browserName: chrome, browserVersion: 84.0.4147.105, chrome: {chromedriverVersion: 83.0.4103.39 (ccbf011cb2d2b..., userDataDir: /var/folders/sz/t44_m9r545l...}, goog:chromeOptions: {debuggerAddress: localhost:54519}, javascriptEnabled: true, networkConnectionEnabled: false, pageLoadStrategy: normal, platform: MAC, platformName: MAC, proxy: Proxy(), setWindowRect: true, strictFileInteractability: false, timeouts: {implicit: 0, pageLoad: 300000, script: 30000}, unhandledPromptBehavior: dismiss and notify, webauthn:virtualAuthenticators: true}
Session ID: ab3d6e6f3e04a566fc33b5bdce748984
*** Element info: {Using=xpath, value=div.pd-app-container div.pr-cn:nth-child(2) div.pr-cn-in div.pr-in-w div.pr-in-cn div.pr-bx-w div.pr-bx-dsc div.pr-bx-pr-dsc div:nth-child(2) > span.prc-dsc}
at org.openqa.selenium.remote.http.W3CHttpResponseCodec.createException(W3CHttpResponseCodec.java:187)
at org.openqa.selenium.remote.http.W3CHttpResponseCodec.decode(W3CHttpResponseCodec.java:122)
at org.openqa.selenium.remote.http.W3CHttpResponseCodec.decode(W3CHttpResponseCodec.java:49)
at org.openqa.selenium.remote.HttpCommandExecutor.execute(HttpCommandExecutor.java:158)
at org.openqa.selenium.remote.service.DriverCommandExecutor.execute(DriverCommandExecutor.java:83)
at org.openqa.selenium.remote.RemoteWebDriver.execute(RemoteWebDriver.java:552)
at org.openqa.selenium.remote.RemoteWebDriver.findElement(RemoteWebDriver.java:323)
at org.openqa.selenium.remote.RemoteWebDriver.findElementByXPath(RemoteWebDriver.java:428)
at org.openqa.selenium.By$ByXPath.findElement(By.java:353)
at org.openqa.selenium.remote.RemoteWebDriver.findElement(RemoteWebDriver.java:315)
at pages.PricePage.comparePrice(PricePage.java:45)
at trendyol.web.test.TestCases.comparePrices(TestCases.java:93)
at java.base/java.util.ArrayList.forEach(ArrayList.java:1540)
... Removed 31 stack frames]]>
    </failure>
  </testcase> <!-- comparePrices -->
  <testcase classname="trendyol.web.test.TestCases" name="controlNumber" time="5.221">
    <failure type="java.lang.AssertionError" message="expected [2] but found []">
      <![CDATA[java.lang.AssertionError: expected [2] but found []
at pages.PricePage.controlNumberProduct(PricePage.java:79)
at trendyol.web.test.TestCases.controlNumber(TestCases.java:112)
at java.base/java.util.ArrayList.forEach(ArrayList.java:1540)
... Removed 32 stack frames]]>
    </failure>
  </testcase> <!-- controlNumber -->
  <testcase classname="trendyol.web.test.TestCases" name="deleteAndControl" time="0.405">
    <failure type="java.lang.AssertionError" message="expected [0] but found []">
      <![CDATA[java.lang.AssertionError: expected [0] but found []
at pages.PricePage.DeleteCartControle(PricePage.java:101)
at trendyol.web.test.TestCases.deleteAndControl(TestCases.java:131)
at java.base/java.util.ArrayList.forEach(ArrayList.java:1540)
... Removed 32 stack frames]]>
    </failure>
  </testcase> <!-- deleteAndControl -->
</testsuite> <!-- TrendyolTestNG -->
